<?xml version="1.0" encoding="UTF-8"?>
<!-- Generated by org.testng.reporters.JUnitReportReporter -->
<testsuite hostname="CIOS-HP4Z3D3-LX" name="scenarios.MyStore_SignInWithRegisteredUserTest" tests="1" failures="0" timestamp="25 Jul 2022 03:52:47 GMT" time="15.054" errors="0">
  <testcase name="testScenario" time="15.054" classname="scenarios.MyStore_SignInWithRegisteredUserTest"/>
</testsuite> <!-- scenarios.MyStore_SignInWithRegisteredUserTest -->
