<?xml version="1.0" encoding="UTF-8"?>
<!-- Generated by org.testng.reporters.JUnitReportReporter -->
<testsuite hostname="CIOS-HP4Z3D3-LX" name="scenarios.MyStore_SignInWithUnRegisteredUserTest" tests="1" failures="0" timestamp="13 Jul 2022 08:04:06 GMT" time="36.592" errors="0">
  <testcase name="testScenario" time="36.592" classname="scenarios.MyStore_SignInWithUnRegisteredUserTest"/>
</testsuite> <!-- scenarios.MyStore_SignInWithUnRegisteredUserTest -->
